<?xml version="1.0" encoding="UTF-8"?>
<!-- Generated by org.testng.reporters.JUnitReportReporter -->
<testsuite hostname="DESKTOP-C200903" failures="0" tests="5" name="dd.UserValidationTest" time="0.018" errors="0" timestamp="2023-11-07T10:55:27 IST" skipped="0">
  <testcase classname="dd.UserValidationTest" name="testCase5" time="0.001"/>
  <testcase classname="dd.UserValidationTest" name="testCase2" time="0.001"/>
  <testcase classname="dd.UserValidationTest" name="testCase1" time="0.014"/>
  <testcase classname="dd.UserValidationTest" name="testCase4" time="0.001"/>
  <testcase classname="dd.UserValidationTest" name="testCase3" time="0.001"/>
</testsuite> <!-- dd.UserValidationTest -->
